2018-01-27 07:33:19
Trained game (first):               Breakout
Trained game (second):              SpaceInvaders
Learning rate:                      1.00E-05
Batch size:                         64
Memory size(replay):                1200000
Pretrained:                         False
Pretrained subnet 1:                modelParams/Breakout_final.model
Pretrained subnet 2:                modelParams/SpaceInvaders_final.model
Started training after k frames:    50000
Optimized after k frames:           1
Target net update after k frame:    10000

--------+-----------+----------------------+----------------------+----------------------+--------------------
Episode | Steps     |  50 games avg total  |  50 games avg game1  |  50 games avg game2  | best score total 
--------+-----------+----------------------+----------------------+----------------------+--------------------
     50 |      9178 |     (   7.5/   47.4) |     (   1.1/    1.1) |     (   6.5/   46.3) |  (  13.0/   109.0)
    100 |     18541 |     (   7.3/   43.0) |     (   1.1/    1.1) |     (   6.2/   41.9) |  (  14.0/   129.0)
    150 |     27850 |     (   7.0/   41.2) |     (   1.1/    1.1) |     (   5.9/   40.1) |  (  15.0/   129.0)
    200 |     37180 |     (   7.6/   54.7) |     (   1.0/    1.0) |     (   6.6/   53.7) |  (  15.0/   309.0)
    250 |     46648 |     (   7.6/   45.7) |     (   1.1/    1.1) |     (   6.5/   44.6) |  (  15.0/   309.0)
    300 |     56486 |     (   7.7/   47.5) |     (   1.3/    1.3) |     (   6.4/   46.2) |  (  15.0/   309.0)
    350 |     65600 |     (   7.3/   42.5) |     (   1.0/    1.0) |     (   6.3/   41.5) |  (  15.0/   309.0)
    400 |     74828 |     (   7.8/   48.7) |     (   1.2/    1.2) |     (   6.5/   47.5) |  (  17.0/   309.0)
    450 |     84324 |     (   7.4/   44.6) |     (   1.3/    1.3) |     (   6.1/   43.3) |  (  17.0/   309.0)
    500 |     93027 |     (   7.5/   46.3) |     (   1.0/    1.0) |     (   6.5/   45.3) |  (  17.0/   309.0)
Saved model at episode 500...
    550 |    102190 |     (   7.8/   48.7) |     (   1.2/    1.2) |     (   6.6/   47.5) |  (  17.0/   309.0)
    600 |    111490 |     (   7.6/   46.5) |     (   1.3/    1.3) |     (   6.4/   45.2) |  (  17.0/   309.0)
    650 |    120711 |     (   7.7/   46.1) |     (   1.3/    1.2) |     (   6.4/   44.9) |  (  17.0/   309.0)
    700 |    130941 |     (   8.8/   60.3) |     (   1.6/    1.6) |     (   7.1/   58.7) |  (  17.0/   309.0)
    750 |    139954 |     (   7.6/   47.3) |     (   1.2/    1.1) |     (   6.4/   46.2) |  (  17.0/   309.0)
    800 |    149879 |     (   9.0/   64.2) |     (   1.6/    1.6) |     (   7.5/   62.6) |  (  17.0/   309.0)
    850 |    159012 |     (   8.6/   60.7) |     (   1.3/    1.3) |     (   7.3/   59.4) |  (  17.0/   309.0)
    900 |    168909 |     (   9.2/   66.2) |     (   1.5/    1.5) |     (   7.7/   64.7) |  (  17.0/   309.0)
    950 |    177828 |     (   8.0/   56.2) |     (   1.0/    1.0) |     (   7.0/   55.2) |  (  17.0/   309.0)
   1000 |    187223 |     (   8.6/   61.8) |     (   1.3/    1.4) |     (   7.3/   60.4) |  (  17.0/   309.0)
Saved model at episode 1000...
   1050 |    196959 |     (   9.3/   63.7) |     (   1.5/    1.5) |     (   7.8/   62.2) |  (  18.0/   309.0)
   1100 |    207337 |     (   9.7/   70.2) |     (   1.8/    1.8) |     (   7.9/   68.4) |  (  22.0/   309.0)
   1150 |    217215 |     (   9.6/   66.9) |     (   1.7/    1.7) |     (   7.9/   65.2) |  (  22.0/   309.0)
   1200 |    226942 |     (   9.4/   66.4) |     (   1.5/    1.5) |     (   7.9/   64.9) |  (  22.0/   309.0)
   1250 |    237741 |     (  10.7/   80.5) |     (   2.0/    2.1) |     (   8.7/   78.4) |  (  22.0/   309.0)
   1300 |    247692 |     (   9.7/   67.8) |     (   1.7/    1.7) |     (   8.0/   66.1) |  (  22.0/   309.0)
   1350 |    258437 |     (  10.7/   79.6) |     (   2.0/    2.0) |     (   8.7/   77.6) |  (  22.0/   309.0)
   1400 |    268664 |     (  10.3/   77.5) |     (   1.9/    2.0) |     (   8.4/   75.5) |  (  22.0/   309.0)
   1450 |    280224 |     (  11.3/   87.0) |     (   2.5/    2.4) |     (   8.8/   84.6) |  (  22.0/   309.0)
   1500 |    291691 |     (  11.7/   89.3) |     (   2.6/    2.6) |     (   9.1/   86.7) |  (  22.0/   309.0)
Saved model at episode 1500...
   1550 |    304098 |     (  12.0/   90.4) |     (   3.0/    3.0) |     (   9.0/   87.4) |  (  22.0/   309.0)
   1600 |    316112 |     (  12.3/   95.2) |     (   2.8/    2.8) |     (   9.6/   92.4) |  (  22.0/   309.0)
   1650 |    328172 |     (  11.9/   94.3) |     (   2.8/    2.9) |     (   9.1/   91.4) |  (  24.0/   372.0)
   1700 |    340389 |     (  13.4/  106.9) |     (   2.9/    3.1) |     (  10.5/  103.8) |  (  24.0/   372.0)
   1750 |    352931 |     (  12.6/   95.2) |     (   3.1/    3.2) |     (   9.6/   92.0) |  (  24.0/   372.0)
   1800 |    366606 |     (  12.9/   93.0) |     (   3.7/    3.7) |     (   9.1/   89.3) |  (  24.0/   372.0)
   1850 |    380760 |     (  14.0/  104.4) |     (   4.0/    3.9) |     (  10.0/  100.5) |  (  24.0/   372.0)
   1900 |    394213 |     (  13.5/   99.4) |     (   3.8/    3.9) |     (   9.7/   95.5) |  (  31.0/   484.0)
   1950 |    408555 |     (  14.6/  118.6) |     (   3.9/    3.9) |     (  10.7/  114.7) |  (  31.0/   484.0)
   2000 |    422110 |     (  13.4/  100.8) |     (   3.8/    3.7) |     (   9.6/   97.1) |  (  31.0/   484.0)
Saved model at episode 2000...
   2050 |    435361 |     (  13.7/  113.4) |     (   3.5/    3.5) |     (  10.1/  109.9) |  (  31.0/   484.0)
   2100 |    449055 |     (  14.1/  114.9) |     (   3.7/    3.7) |     (  10.4/  111.2) |  (  31.0/   484.0)
   2150 |    463225 |     (  14.9/  120.9) |     (   3.9/    4.0) |     (  11.0/  116.9) |  (  31.0/   484.0)
   2200 |    477159 |     (  14.6/  111.7) |     (   3.8/    3.9) |     (  10.8/  107.8) |  (  31.0/   484.0)
   2250 |    490937 |     (  15.1/  127.7) |     (   3.6/    3.9) |     (  11.5/  123.8) |  (  31.0/   484.0)
   2300 |    505316 |     (  15.4/  137.4) |     (   3.8/    3.9) |     (  11.6/  133.5) |  (  31.0/   484.0)
   2350 |    519263 |     (  15.3/  121.3) |     (   3.6/    3.6) |     (  11.7/  117.7) |  (  31.0/   484.0)
   2400 |    533986 |     (  16.3/  143.4) |     (   4.1/    4.1) |     (  12.2/  139.3) |  (  31.0/   484.0)
   2450 |    547166 |     (  15.0/  125.5) |     (   3.2/    3.4) |     (  11.8/  122.1) |  (  31.0/   484.0)
   2500 |    560721 |     (  15.2/  117.2) |     (   3.5/    3.5) |     (  11.7/  113.7) |  (  31.0/   484.0)
Saved model at episode 2500...
   2550 |    575263 |     (  16.2/  138.0) |     (   4.0/    4.1) |     (  12.2/  133.9) |  (  31.0/   484.0)
   2600 |    589464 |     (  16.2/  140.6) |     (   3.8/    4.0) |     (  12.4/  136.6) |  (  31.0/   484.0)
   2650 |    603563 |     (  15.9/  140.0) |     (   3.7/    3.8) |     (  12.2/  136.2) |  (  31.0/   484.0)
   2700 |    617299 |     (  15.6/  127.7) |     (   3.7/    3.7) |     (  11.9/  124.0) |  (  31.0/   484.0)
   2750 |    631677 |     (  17.3/  157.4) |     (   3.9/    3.9) |     (  13.4/  153.5) |  (  31.0/   484.0)
   2800 |    646306 |     (  16.9/  152.1) |     (   4.1/    4.1) |     (  12.9/  148.0) |  (  37.0/   484.0)
   2850 |    660585 |     (  16.7/  138.2) |     (   3.8/    3.9) |     (  12.8/  134.3) |  (  37.0/   484.0)
   2900 |    675448 |     (  17.9/  156.2) |     (   4.3/    4.4) |     (  13.6/  151.8) |  (  37.0/   484.0)
   2950 |    690997 |     (  18.9/  177.8) |     (   4.6/    4.8) |     (  14.3/  173.0) |  (  37.0/   484.0)
   3000 |    706223 |     (  18.2/  173.5) |     (   4.3/    4.5) |     (  13.8/  169.0) |  (  37.0/   484.0)
Saved model at episode 3000...
   3050 |    723425 |     (  20.0/  172.7) |     (   5.4/    5.4) |     (  14.6/  167.3) |  (  37.0/   484.0)
   3100 |    739807 |     (  20.9/  216.2) |     (   5.1/    5.1) |     (  15.8/  211.1) |  (  37.0/   496.0)
   3150 |    757025 |     (  20.9/  200.9) |     (   5.7/    6.1) |     (  15.2/  194.8) |  (  37.0/   496.0)
   3200 |    775672 |     (  22.3/  220.0) |     (   6.5/    6.6) |     (  15.9/  213.4) |  (  37.0/   507.0)
   3250 |    794550 |     (  23.6/  232.7) |     (   6.8/    7.3) |     (  16.8/  225.4) |  (  40.0/   510.0)
   3300 |    814734 |     (  23.8/  226.7) |     (   7.3/    7.8) |     (  16.4/  218.9) |  (  40.0/   510.0)
   3350 |    834021 |     (  23.8/  227.3) |     (   6.9/    7.1) |     (  16.9/  220.2) |  (  40.0/   510.0)
   3400 |    853144 |     (  24.1/  241.9) |     (   6.9/    7.3) |     (  17.1/  234.6) |  (  40.0/   510.0)
   3450 |    874286 |     (  26.8/  266.2) |     (   8.2/    8.6) |     (  18.7/  257.6) |  (  42.0/   578.0)
   3500 |    895379 |     (  26.0/  256.0) |     (   8.0/    8.6) |     (  18.1/  247.4) |  (  42.0/   578.0)
Saved model at episode 3500...
   3550 |    916570 |     (  26.1/  261.6) |     (   8.1/    8.7) |     (  18.0/  252.9) |  (  42.0/   578.0)
   3600 |    938445 |     (  27.4/  279.9) |     (   8.4/    8.9) |     (  19.0/  271.0) |  (  42.0/   578.0)
   3650 |    960816 |     (  27.3/  288.3) |     (   8.7/    9.9) |     (  18.6/  278.4) |  (  45.0/   578.0)
   3700 |    983307 |     (  28.1/  286.5) |     (   8.7/    9.5) |     (  19.4/  277.0) |  (  45.0/   578.0)
   3750 |   1004638 |     (  26.5/  270.6) |     (   8.2/    8.9) |     (  18.3/  261.7) |  (  45.0/   578.0)
   3800 |   1027860 |     (  28.4/  278.2) |     (   9.2/   10.3) |     (  19.1/  267.9) |  (  45.0/   578.0)
   3850 |   1050066 |     (  27.9/  293.2) |     (   8.7/    9.4) |     (  19.2/  283.8) |  (  45.0/   734.0)
   3900 |   1072227 |     (  28.1/  294.3) |     (   8.5/    9.5) |     (  19.6/  284.8) |  (  51.0/   734.0)
   3950 |   1094983 |     (  28.7/  270.7) |     (   9.0/    9.8) |     (  19.7/  260.9) |  (  51.0/   734.0)
   4000 |   1117063 |     (  29.4/  288.0) |     (   8.7/    9.5) |     (  20.6/  278.5) |  (  51.0/   734.0)
Saved model at episode 4000...
   4050 |   1138749 |     (  27.9/  269.6) |     (   8.5/    9.4) |     (  19.4/  260.2) |  (  51.0/   734.0)
   4100 |   1161428 |     (  29.1/  285.3) |     (   9.1/    9.9) |     (  20.1/  275.4) |  (  51.0/   734.0)
   4150 |   1185895 |     (  32.5/  338.4) |     (  10.4/   11.1) |     (  22.2/  327.3) |  (  51.0/   734.0)
   4200 |   1212136 |     (  33.0/  332.6) |     (  11.3/   12.5) |     (  21.7/  320.1) |  (  55.0/   734.0)
   4250 |   1236184 |     (  31.3/  336.8) |     (   9.9/   11.2) |     (  21.3/  325.6) |  (  55.0/   833.0)
   4300 |   1257890 |     (  27.8/  283.5) |     (   8.2/    8.9) |     (  19.6/  274.6) |  (  55.0/   833.0)
   4350 |   1281407 |     (  30.3/  320.7) |     (   9.4/   10.3) |     (  20.8/  310.4) |  (  55.0/   833.0)
   4400 |   1308724 |     (  33.7/  334.5) |     (  12.0/   14.0) |     (  21.7/  320.5) |  (  55.0/   833.0)
   4450 |   1337875 |     (  36.0/  359.8) |     (  13.3/   15.7) |     (  22.6/  344.1) |  (  61.0/   833.0)
   4500 |   1367140 |     (  36.5/  349.8) |     (  13.6/   15.6) |     (  22.9/  334.2) |  (  61.0/   833.0)
Saved model at episode 4500...
   4550 |   1395702 |     (  36.2/  376.1) |     (  12.8/   14.7) |     (  23.3/  361.4) |  (  61.0/   833.0)
   4600 |   1421252 |     (  32.3/  323.7) |     (  10.8/   12.1) |     (  21.5/  311.6) |  (  61.0/   833.0)
   4650 |   1446151 |     (  31.9/  315.7) |     (  10.5/   11.4) |     (  21.3/  304.3) |  (  61.0/   833.0)
   4700 |   1466353 |     (  24.9/  237.9) |     (   7.6/    8.9) |     (  17.3/  229.0) |  (  65.0/   833.0)
   4750 |   1483337 |     (  20.1/  186.6) |     (   5.2/    5.4) |     (  14.9/  181.2) |  (  65.0/   833.0)
   4800 |   1496553 |     (  14.3/  120.8) |     (   3.1/    3.3) |     (  11.2/  117.5) |  (  65.0/   833.0)
   4850 |   1507045 |     (  12.0/  100.5) |     (   1.7/    1.9) |     (  10.2/   98.6) |  (  65.0/   833.0)
   4900 |   1518584 |     (  12.9/  102.9) |     (   2.3/    2.2) |     (  10.7/  100.7) |  (  65.0/   833.0)
